{"/Users/adamminchella/Documents/coding/kamkwamba/week_7_project/adam_backend/server/server.js": {"path":"/Users/adamminchella/Documents/coding/kamkwamba/week_7_project/adam_backend/server/server.js","statementMap":{"0":{"start":{"line":1,"column":16},"end":{"line":1,"column":34}},"1":{"start":{"line":2,"column":13},"end":{"line":2,"column":28}},"2":{"start":{"line":4,"column":22},"end":{"line":4,"column":60}},"3":{"start":{"line":6,"column":20},"end":{"line":6,"column":45}},"4":{"start":{"line":7,"column":19},"end":{"line":7,"column":43}},"5":{"start":{"line":8,"column":19},"end":{"line":8,"column":43}},"6":{"start":{"line":10,"column":15},"end":{"line":10,"column":24}},"7":{"start":{"line":12,"column":0},"end":{"line":12,"column":19}},"8":{"start":{"line":13,"column":0},"end":{"line":13,"column":27}},"9":{"start":{"line":15,"column":0},"end":{"line":17,"column":3}},"10":{"start":{"line":16,"column":2},"end":{"line":16,"column":61}},"11":{"start":{"line":19,"column":0},"end":{"line":19,"column":35}},"12":{"start":{"line":20,"column":0},"end":{"line":20,"column":33}},"13":{"start":{"line":21,"column":0},"end":{"line":21,"column":48}},"14":{"start":{"line":23,"column":0},"end":{"line":23,"column":24}}},"fnMap":{"0":{"name":"(anonymous_0)","decl":{"start":{"line":15,"column":16},"end":{"line":15,"column":17}},"loc":{"start":{"line":15,"column":30},"end":{"line":17,"column":1}},"line":15}},"branchMap":{},"s":{"0":1,"1":1,"2":1,"3":1,"4":1,"5":1,"6":1,"7":1,"8":1,"9":1,"10":1,"11":1,"12":1,"13":1,"14":1},"f":{"0":1},"b":{},"_coverageSchema":"1a1c01bbd47fc00a2c39e90264f33305004495a9","hash":"020c24924978324ae515dde4fdc3eb69d81ca7bf"}
,"/Users/adamminchella/Documents/coding/kamkwamba/week_7_project/adam_backend/server/controllers/date.js": {"path":"/Users/adamminchella/Documents/coding/kamkwamba/week_7_project/adam_backend/server/controllers/date.js","statementMap":{"0":{"start":{"line":1,"column":13},"end":{"line":1,"column":38}},"1":{"start":{"line":4,"column":2},"end":{"line":9,"column":3}},"2":{"start":{"line":5,"column":18},"end":{"line":5,"column":37}},"3":{"start":{"line":6,"column":4},"end":{"line":6,"column":20}},"4":{"start":{"line":8,"column":4},"end":{"line":8,"column":49}},"5":{"start":{"line":13,"column":2},"end":{"line":19,"column":3}},"6":{"start":{"line":14,"column":17},"end":{"line":14,"column":25}},"7":{"start":{"line":15,"column":19},"end":{"line":15,"column":42}},"8":{"start":{"line":16,"column":4},"end":{"line":16,"column":33}},"9":{"start":{"line":18,"column":4},"end":{"line":18,"column":49}},"10":{"start":{"line":23,"column":2},"end":{"line":29,"column":3}},"11":{"start":{"line":24,"column":15},"end":{"line":24,"column":38}},"12":{"start":{"line":25,"column":17},"end":{"line":25,"column":42}},"13":{"start":{"line":26,"column":4},"end":{"line":26,"column":19}},"14":{"start":{"line":28,"column":4},"end":{"line":28,"column":49}},"15":{"start":{"line":33,"column":2},"end":{"line":40,"column":3}},"16":{"start":{"line":34,"column":15},"end":{"line":34,"column":38}},"17":{"start":{"line":35,"column":17},"end":{"line":35,"column":42}},"18":{"start":{"line":36,"column":19},"end":{"line":36,"column":39}},"19":{"start":{"line":37,"column":4},"end":{"line":37,"column":26}},"20":{"start":{"line":39,"column":4},"end":{"line":39,"column":49}},"21":{"start":{"line":43,"column":0},"end":{"line":48,"column":2}}},"fnMap":{"0":{"name":"index","decl":{"start":{"line":3,"column":15},"end":{"line":3,"column":20}},"loc":{"start":{"line":3,"column":31},"end":{"line":10,"column":1}},"line":3},"1":{"name":"create","decl":{"start":{"line":12,"column":15},"end":{"line":12,"column":21}},"loc":{"start":{"line":12,"column":32},"end":{"line":20,"column":1}},"line":12},"2":{"name":"show","decl":{"start":{"line":22,"column":15},"end":{"line":22,"column":19}},"loc":{"start":{"line":22,"column":30},"end":{"line":30,"column":1}},"line":22},"3":{"name":"destroy","decl":{"start":{"line":32,"column":15},"end":{"line":32,"column":22}},"loc":{"start":{"line":32,"column":33},"end":{"line":41,"column":1}},"line":32}},"branchMap":{},"s":{"0":1,"1":0,"2":0,"3":0,"4":0,"5":0,"6":0,"7":0,"8":0,"9":0,"10":0,"11":0,"12":0,"13":0,"14":0,"15":0,"16":0,"17":0,"18":0,"19":0,"20":0,"21":1},"f":{"0":0,"1":0,"2":0,"3":0},"b":{},"_coverageSchema":"1a1c01bbd47fc00a2c39e90264f33305004495a9","hash":"c5c0bb13a0d5e9e8524099269a9cd1aedb691bb4"}
,"/Users/adamminchella/Documents/coding/kamkwamba/week_7_project/adam_backend/server/controllers/habit.js": {"path":"/Users/adamminchella/Documents/coding/kamkwamba/week_7_project/adam_backend/server/controllers/habit.js","statementMap":{"0":{"start":{"line":1,"column":14},"end":{"line":1,"column":40}},"1":{"start":{"line":4,"column":2},"end":{"line":9,"column":3}},"2":{"start":{"line":5,"column":19},"end":{"line":5,"column":39}},"3":{"start":{"line":6,"column":4},"end":{"line":6,"column":33}},"4":{"start":{"line":8,"column":4},"end":{"line":8,"column":49}},"5":{"start":{"line":13,"column":2},"end":{"line":19,"column":3}},"6":{"start":{"line":14,"column":17},"end":{"line":14,"column":25}},"7":{"start":{"line":15,"column":19},"end":{"line":15,"column":43}},"8":{"start":{"line":16,"column":4},"end":{"line":16,"column":33}},"9":{"start":{"line":18,"column":4},"end":{"line":18,"column":49}},"10":{"start":{"line":23,"column":2},"end":{"line":29,"column":3}},"11":{"start":{"line":24,"column":15},"end":{"line":24,"column":38}},"12":{"start":{"line":25,"column":18},"end":{"line":25,"column":44}},"13":{"start":{"line":26,"column":4},"end":{"line":26,"column":20}},"14":{"start":{"line":28,"column":4},"end":{"line":28,"column":49}},"15":{"start":{"line":33,"column":2},"end":{"line":38,"column":3}},"16":{"start":{"line":34,"column":18},"end":{"line":34,"column":46}},"17":{"start":{"line":35,"column":4},"end":{"line":35,"column":32}},"18":{"start":{"line":37,"column":4},"end":{"line":37,"column":34}},"19":{"start":{"line":42,"column":2},"end":{"line":49,"column":3}},"20":{"start":{"line":43,"column":15},"end":{"line":43,"column":38}},"21":{"start":{"line":44,"column":18},"end":{"line":44,"column":44}},"22":{"start":{"line":45,"column":19},"end":{"line":45,"column":40}},"23":{"start":{"line":46,"column":4},"end":{"line":46,"column":26}},"24":{"start":{"line":48,"column":4},"end":{"line":48,"column":49}},"25":{"start":{"line":52,"column":0},"end":{"line":58,"column":2}}},"fnMap":{"0":{"name":"index","decl":{"start":{"line":3,"column":15},"end":{"line":3,"column":20}},"loc":{"start":{"line":3,"column":31},"end":{"line":10,"column":1}},"line":3},"1":{"name":"create","decl":{"start":{"line":12,"column":15},"end":{"line":12,"column":21}},"loc":{"start":{"line":12,"column":32},"end":{"line":20,"column":1}},"line":12},"2":{"name":"show","decl":{"start":{"line":22,"column":15},"end":{"line":22,"column":19}},"loc":{"start":{"line":22,"column":30},"end":{"line":30,"column":1}},"line":22},"3":{"name":"update","decl":{"start":{"line":32,"column":15},"end":{"line":32,"column":21}},"loc":{"start":{"line":32,"column":32},"end":{"line":39,"column":1}},"line":32},"4":{"name":"destroy","decl":{"start":{"line":41,"column":15},"end":{"line":41,"column":22}},"loc":{"start":{"line":41,"column":33},"end":{"line":50,"column":1}},"line":41}},"branchMap":{},"s":{"0":1,"1":2,"2":2,"3":2,"4":0,"5":1,"6":1,"7":1,"8":1,"9":0,"10":2,"11":2,"12":2,"13":1,"14":1,"15":2,"16":2,"17":2,"18":0,"19":2,"20":2,"21":2,"22":1,"23":1,"24":1,"25":1},"f":{"0":2,"1":1,"2":2,"3":2,"4":2},"b":{},"_coverageSchema":"1a1c01bbd47fc00a2c39e90264f33305004495a9","hash":"36ae5d07b0fada629e1094408a8c56d0d0c12ba5"}
,"/Users/adamminchella/Documents/coding/kamkwamba/week_7_project/adam_backend/server/controllers/user.js": {"path":"/Users/adamminchella/Documents/coding/kamkwamba/week_7_project/adam_backend/server/controllers/user.js","statementMap":{"0":{"start":{"line":1,"column":15},"end":{"line":1,"column":32}},"1":{"start":{"line":3,"column":13},"end":{"line":3,"column":38}},"2":{"start":{"line":4,"column":16},"end":{"line":4,"column":44}},"3":{"start":{"line":8,"column":2},"end":{"line":15,"column":3}},"4":{"start":{"line":9,"column":15},"end":{"line":9,"column":38}},"5":{"start":{"line":10,"column":18},"end":{"line":10,"column":39}},"6":{"start":{"line":11,"column":18},"end":{"line":11,"column":38}},"7":{"start":{"line":12,"column":4},"end":{"line":12,"column":27}},"8":{"start":{"line":14,"column":4},"end":{"line":14,"column":49}},"9":{"start":{"line":19,"column":2},"end":{"line":37,"column":3}},"10":{"start":{"line":20,"column":17},"end":{"line":20,"column":25}},"11":{"start":{"line":21,"column":4},"end":{"line":21,"column":22}},"12":{"start":{"line":24,"column":17},"end":{"line":24,"column":79}},"13":{"start":{"line":27,"column":4},"end":{"line":27,"column":65}},"14":{"start":{"line":30,"column":19},"end":{"line":30,"column":42}},"15":{"start":{"line":33,"column":4},"end":{"line":33,"column":33}},"16":{"start":{"line":35,"column":4},"end":{"line":35,"column":21}},"17":{"start":{"line":36,"column":4},"end":{"line":36,"column":41}},"18":{"start":{"line":41,"column":2},"end":{"line":65,"column":3}},"19":{"start":{"line":42,"column":35},"end":{"line":42,"column":43}},"20":{"start":{"line":45,"column":17},"end":{"line":45,"column":54}},"21":{"start":{"line":47,"column":26},"end":{"line":47,"column":71}},"22":{"start":{"line":48,"column":4},"end":{"line":61,"column":5}},"23":{"start":{"line":52,"column":25},"end":{"line":52,"column":54}},"24":{"start":{"line":53,"column":6},"end":{"line":57,"column":9}},"25":{"start":{"line":60,"column":6},"end":{"line":60,"column":47}},"26":{"start":{"line":63,"column":4},"end":{"line":63,"column":21}},"27":{"start":{"line":64,"column":4},"end":{"line":64,"column":41}},"28":{"start":{"line":69,"column":2},"end":{"line":77,"column":3}},"29":{"start":{"line":70,"column":20},"end":{"line":70,"column":66}},"30":{"start":{"line":71,"column":17},"end":{"line":71,"column":53}},"31":{"start":{"line":72,"column":17},"end":{"line":72,"column":40}},"32":{"start":{"line":73,"column":4},"end":{"line":73,"column":54}},"33":{"start":{"line":75,"column":4},"end":{"line":75,"column":21}},"34":{"start":{"line":76,"column":4},"end":{"line":76,"column":34}},"35":{"start":{"line":81,"column":2},"end":{"line":87,"column":3}},"36":{"start":{"line":82,"column":17},"end":{"line":82,"column":53}},"37":{"start":{"line":83,"column":17},"end":{"line":83,"column":37}},"38":{"start":{"line":84,"column":4},"end":{"line":84,"column":31}},"39":{"start":{"line":86,"column":4},"end":{"line":86,"column":34}},"40":{"start":{"line":91,"column":2},"end":{"line":107,"column":3}},"41":{"start":{"line":92,"column":20},"end":{"line":92,"column":28}},"42":{"start":{"line":93,"column":15},"end":{"line":93,"column":28}},"43":{"start":{"line":94,"column":17},"end":{"line":94,"column":42}},"44":{"start":{"line":95,"column":4},"end":{"line":102,"column":5}},"45":{"start":{"line":96,"column":19},"end":{"line":98,"column":7}},"46":{"start":{"line":101,"column":6},"end":{"line":101,"column":73}},"47":{"start":{"line":103,"column":24},"end":{"line":103,"column":50}},"48":{"start":{"line":104,"column":4},"end":{"line":104,"column":38}},"49":{"start":{"line":106,"column":4},"end":{"line":106,"column":34}},"50":{"start":{"line":110,"column":0},"end":{"line":110,"column":68}}},"fnMap":{"0":{"name":"show","decl":{"start":{"line":7,"column":15},"end":{"line":7,"column":19}},"loc":{"start":{"line":7,"column":30},"end":{"line":16,"column":1}},"line":7},"1":{"name":"register","decl":{"start":{"line":18,"column":15},"end":{"line":18,"column":23}},"loc":{"start":{"line":18,"column":34},"end":{"line":38,"column":1}},"line":18},"2":{"name":"login","decl":{"start":{"line":40,"column":15},"end":{"line":40,"column":20}},"loc":{"start":{"line":40,"column":31},"end":{"line":66,"column":1}},"line":40},"3":{"name":"logout","decl":{"start":{"line":68,"column":15},"end":{"line":68,"column":21}},"loc":{"start":{"line":68,"column":32},"end":{"line":78,"column":1}},"line":68},"4":{"name":"destroy","decl":{"start":{"line":80,"column":15},"end":{"line":80,"column":22}},"loc":{"start":{"line":80,"column":33},"end":{"line":88,"column":1}},"line":80},"5":{"name":"update","decl":{"start":{"line":90,"column":15},"end":{"line":90,"column":21}},"loc":{"start":{"line":90,"column":32},"end":{"line":108,"column":1}},"line":90}},"branchMap":{"0":{"loc":{"start":{"line":48,"column":4},"end":{"line":61,"column":5}},"type":"if","locations":[{"start":{"line":48,"column":4},"end":{"line":61,"column":5}},{"start":{"line":58,"column":11},"end":{"line":61,"column":5}}],"line":48},"1":{"loc":{"start":{"line":95,"column":4},"end":{"line":102,"column":5}},"type":"if","locations":[{"start":{"line":95,"column":4},"end":{"line":102,"column":5}},{"start":{},"end":{}}],"line":95}},"s":{"0":1,"1":1,"2":1,"3":0,"4":0,"5":0,"6":0,"7":0,"8":0,"9":0,"10":0,"11":0,"12":0,"13":0,"14":0,"15":0,"16":0,"17":0,"18":0,"19":0,"20":0,"21":0,"22":0,"23":0,"24":0,"25":0,"26":0,"27":0,"28":0,"29":0,"30":0,"31":0,"32":0,"33":0,"34":0,"35":0,"36":0,"37":0,"38":0,"39":0,"40":0,"41":0,"42":0,"43":0,"44":0,"45":0,"46":0,"47":0,"48":0,"49":0,"50":1},"f":{"0":0,"1":0,"2":0,"3":0,"4":0,"5":0},"b":{"0":[0,0],"1":[0,0]},"_coverageSchema":"1a1c01bbd47fc00a2c39e90264f33305004495a9","hash":"fe0739851299b89df416efc34f36aff7a1b1bf9b"}
,"/Users/adamminchella/Documents/coding/kamkwamba/week_7_project/adam_backend/server/database/connect.js": {"path":"/Users/adamminchella/Documents/coding/kamkwamba/week_7_project/adam_backend/server/database/connect.js","statementMap":{"0":{"start":{"line":1,"column":17},"end":{"line":1,"column":30}},"1":{"start":{"line":3,"column":11},"end":{"line":6,"column":2}},"2":{"start":{"line":8,"column":0},"end":{"line":8,"column":42}},"3":{"start":{"line":10,"column":0},"end":{"line":10,"column":20}}},"fnMap":{},"branchMap":{},"s":{"0":1,"1":1,"2":1,"3":1},"f":{},"b":{},"_coverageSchema":"1a1c01bbd47fc00a2c39e90264f33305004495a9","hash":"04618d307f1ec242fca8d683152202927fe635c1"}
,"/Users/adamminchella/Documents/coding/kamkwamba/week_7_project/adam_backend/server/middleware/authentication.js": {"path":"/Users/adamminchella/Documents/coding/kamkwamba/week_7_project/adam_backend/server/middleware/authentication.js","statementMap":{"0":{"start":{"line":1,"column":16},"end":{"line":1,"column":44}},"1":{"start":{"line":4,"column":2},"end":{"line":15,"column":3}},"2":{"start":{"line":5,"column":22},"end":{"line":5,"column":50}},"3":{"start":{"line":6,"column":4},"end":{"line":11,"column":5}},"4":{"start":{"line":7,"column":6},"end":{"line":7,"column":39}},"5":{"start":{"line":9,"column":25},"end":{"line":9,"column":70}},"6":{"start":{"line":10,"column":6},"end":{"line":10,"column":13}},"7":{"start":{"line":13,"column":4},"end":{"line":13,"column":21}},"8":{"start":{"line":14,"column":4},"end":{"line":14,"column":59}},"9":{"start":{"line":18,"column":0},"end":{"line":18,"column":31}}},"fnMap":{"0":{"name":"authenticator","decl":{"start":{"line":3,"column":15},"end":{"line":3,"column":28}},"loc":{"start":{"line":3,"column":45},"end":{"line":16,"column":1}},"line":3}},"branchMap":{"0":{"loc":{"start":{"line":6,"column":4},"end":{"line":11,"column":5}},"type":"if","locations":[{"start":{"line":6,"column":4},"end":{"line":11,"column":5}},{"start":{"line":8,"column":11},"end":{"line":11,"column":5}}],"line":6}},"s":{"0":1,"1":0,"2":0,"3":0,"4":0,"5":0,"6":0,"7":0,"8":0,"9":1},"f":{"0":0},"b":{"0":[0,0]},"_coverageSchema":"1a1c01bbd47fc00a2c39e90264f33305004495a9","hash":"45709a964ad8b48b8dde597d6ed813f823ae7c49"}
,"/Users/adamminchella/Documents/coding/kamkwamba/week_7_project/adam_backend/server/models/Date.js": {"path":"/Users/adamminchella/Documents/coding/kamkwamba/week_7_project/adam_backend/server/models/Date.js","statementMap":{"0":{"start":{"line":1,"column":11},"end":{"line":1,"column":41}},"1":{"start":{"line":5,"column":8},"end":{"line":5,"column":26}},"2":{"start":{"line":6,"column":8},"end":{"line":6,"column":37}},"3":{"start":{"line":7,"column":8},"end":{"line":7,"column":29}},"4":{"start":{"line":8,"column":8},"end":{"line":8,"column":25}},"5":{"start":{"line":12,"column":25},"end":{"line":12,"column":62}},"6":{"start":{"line":13,"column":8},"end":{"line":13,"column":53}},"7":{"start":{"line":13,"column":40},"end":{"line":13,"column":51}},"8":{"start":{"line":17,"column":25},"end":{"line":20,"column":9}},"9":{"start":{"line":21,"column":8},"end":{"line":23,"column":9}},"10":{"start":{"line":22,"column":10},"end":{"line":22,"column":52}},"11":{"start":{"line":24,"column":8},"end":{"line":24,"column":42}},"12":{"start":{"line":28,"column":35},"end":{"line":28,"column":39}},"13":{"start":{"line":29,"column":19},"end":{"line":33,"column":5}},"14":{"start":{"line":34,"column":18},"end":{"line":34,"column":42}},"15":{"start":{"line":35,"column":20},"end":{"line":35,"column":48}},"16":{"start":{"line":36,"column":4},"end":{"line":36,"column":19}},"17":{"start":{"line":40,"column":23},"end":{"line":43,"column":9}},"18":{"start":{"line":44,"column":8},"end":{"line":44,"column":42}},"19":{"start":{"line":49,"column":0},"end":{"line":49,"column":22}}},"fnMap":{"0":{"name":"(anonymous_0)","decl":{"start":{"line":4,"column":4},"end":{"line":4,"column":5}},"loc":{"start":{"line":4,"column":52},"end":{"line":9,"column":5}},"line":4},"1":{"name":"(anonymous_1)","decl":{"start":{"line":11,"column":4},"end":{"line":11,"column":5}},"loc":{"start":{"line":11,"column":26},"end":{"line":14,"column":7}},"line":11},"2":{"name":"(anonymous_2)","decl":{"start":{"line":13,"column":33},"end":{"line":13,"column":34}},"loc":{"start":{"line":13,"column":40},"end":{"line":13,"column":51}},"line":13},"3":{"name":"(anonymous_3)","decl":{"start":{"line":16,"column":4},"end":{"line":16,"column":5}},"loc":{"start":{"line":16,"column":32},"end":{"line":25,"column":7}},"line":16},"4":{"name":"(anonymous_4)","decl":{"start":{"line":27,"column":4},"end":{"line":27,"column":5}},"loc":{"start":{"line":27,"column":30},"end":{"line":37,"column":5}},"line":27},"5":{"name":"(anonymous_5)","decl":{"start":{"line":39,"column":4},"end":{"line":39,"column":5}},"loc":{"start":{"line":39,"column":20},"end":{"line":45,"column":7}},"line":39}},"branchMap":{"0":{"loc":{"start":{"line":21,"column":8},"end":{"line":23,"column":9}},"type":"if","locations":[{"start":{"line":21,"column":8},"end":{"line":23,"column":9}},{"start":{},"end":{}}],"line":21}},"s":{"0":1,"1":0,"2":0,"3":0,"4":0,"5":0,"6":0,"7":0,"8":0,"9":0,"10":0,"11":0,"12":0,"13":0,"14":0,"15":0,"16":0,"17":0,"18":0,"19":1},"f":{"0":0,"1":0,"2":0,"3":0,"4":0,"5":0},"b":{"0":[0,0]},"_coverageSchema":"1a1c01bbd47fc00a2c39e90264f33305004495a9","hash":"226d6f2f0261957fd99400fd4c4c46ec279a1c38"}
,"/Users/adamminchella/Documents/coding/kamkwamba/week_7_project/adam_backend/server/models/Habit.js": {"path":"/Users/adamminchella/Documents/coding/kamkwamba/week_7_project/adam_backend/server/models/Habit.js","statementMap":{"0":{"start":{"line":1,"column":11},"end":{"line":1,"column":41}},"1":{"start":{"line":5,"column":4},"end":{"line":5,"column":23}},"2":{"start":{"line":6,"column":4},"end":{"line":6,"column":33}},"3":{"start":{"line":7,"column":4},"end":{"line":7,"column":27}},"4":{"start":{"line":8,"column":4},"end":{"line":8,"column":31}},"5":{"start":{"line":9,"column":4},"end":{"line":9,"column":25}},"6":{"start":{"line":13,"column":21},"end":{"line":13,"column":59}},"7":{"start":{"line":14,"column":4},"end":{"line":14,"column":50}},"8":{"start":{"line":14,"column":36},"end":{"line":14,"column":48}},"9":{"start":{"line":18,"column":21},"end":{"line":21,"column":5}},"10":{"start":{"line":22,"column":4},"end":{"line":24,"column":5}},"11":{"start":{"line":23,"column":6},"end":{"line":23,"column":49}},"12":{"start":{"line":25,"column":4},"end":{"line":25,"column":39}},"13":{"start":{"line":29,"column":58},"end":{"line":29,"column":62}},"14":{"start":{"line":30,"column":19},"end":{"line":34,"column":5}},"15":{"start":{"line":35,"column":18},"end":{"line":35,"column":43}},"16":{"start":{"line":36,"column":21},"end":{"line":36,"column":50}},"17":{"start":{"line":37,"column":4},"end":{"line":37,"column":20}},"18":{"start":{"line":41,"column":4},"end":{"line":52,"column":7}},"19":{"start":{"line":42,"column":6},"end":{"line":51,"column":7}},"20":{"start":{"line":43,"column":62},"end":{"line":43,"column":66}},"21":{"start":{"line":44,"column":21},"end":{"line":47,"column":9}},"22":{"start":{"line":48,"column":8},"end":{"line":48,"column":32}},"23":{"start":{"line":50,"column":8},"end":{"line":50,"column":45}},"24":{"start":{"line":56,"column":19},"end":{"line":59,"column":5}},"25":{"start":{"line":60,"column":4},"end":{"line":60,"column":39}},"26":{"start":{"line":64,"column":0},"end":{"line":64,"column":23}}},"fnMap":{"0":{"name":"(anonymous_0)","decl":{"start":{"line":4,"column":2},"end":{"line":4,"column":3}},"loc":{"start":{"line":4,"column":71},"end":{"line":10,"column":3}},"line":4},"1":{"name":"(anonymous_1)","decl":{"start":{"line":12,"column":2},"end":{"line":12,"column":3}},"loc":{"start":{"line":12,"column":24},"end":{"line":15,"column":3}},"line":12},"2":{"name":"(anonymous_2)","decl":{"start":{"line":14,"column":29},"end":{"line":14,"column":30}},"loc":{"start":{"line":14,"column":36},"end":{"line":14,"column":48}},"line":14},"3":{"name":"(anonymous_3)","decl":{"start":{"line":17,"column":2},"end":{"line":17,"column":3}},"loc":{"start":{"line":17,"column":30},"end":{"line":26,"column":3}},"line":17},"4":{"name":"(anonymous_4)","decl":{"start":{"line":28,"column":2},"end":{"line":28,"column":3}},"loc":{"start":{"line":28,"column":28},"end":{"line":38,"column":3}},"line":28},"5":{"name":"(anonymous_5)","decl":{"start":{"line":40,"column":2},"end":{"line":40,"column":3}},"loc":{"start":{"line":40,"column":28},"end":{"line":53,"column":3}},"line":40},"6":{"name":"(anonymous_6)","decl":{"start":{"line":41,"column":23},"end":{"line":41,"column":24}},"loc":{"start":{"line":41,"column":50},"end":{"line":52,"column":5}},"line":41},"7":{"name":"(anonymous_7)","decl":{"start":{"line":55,"column":2},"end":{"line":55,"column":3}},"loc":{"start":{"line":55,"column":18},"end":{"line":61,"column":3}},"line":55}},"branchMap":{"0":{"loc":{"start":{"line":22,"column":4},"end":{"line":24,"column":5}},"type":"if","locations":[{"start":{"line":22,"column":4},"end":{"line":24,"column":5}},{"start":{},"end":{}}],"line":22}},"s":{"0":1,"1":8,"2":8,"3":8,"4":8,"5":8,"6":2,"7":2,"8":4,"9":5,"10":3,"11":0,"12":3,"13":1,"14":1,"15":1,"16":1,"17":1,"18":2,"19":2,"20":2,"21":2,"22":2,"23":0,"24":1,"25":1,"26":1},"f":{"0":8,"1":2,"2":4,"3":5,"4":1,"5":2,"6":2,"7":1},"b":{"0":[0,3]},"_coverageSchema":"1a1c01bbd47fc00a2c39e90264f33305004495a9","hash":"ac1dac82c94ea5c22c9a904e9c456e6c2c468148"}
,"/Users/adamminchella/Documents/coding/kamkwamba/week_7_project/adam_backend/server/models/Session.js": {"path":"/Users/adamminchella/Documents/coding/kamkwamba/week_7_project/adam_backend/server/models/Session.js","statementMap":{"0":{"start":{"line":1,"column":11},"end":{"line":1,"column":41}},"1":{"start":{"line":3,"column":23},"end":{"line":3,"column":38}},"2":{"start":{"line":7,"column":4},"end":{"line":7,"column":33}},"3":{"start":{"line":8,"column":4},"end":{"line":8,"column":39}},"4":{"start":{"line":9,"column":4},"end":{"line":9,"column":33}},"5":{"start":{"line":13,"column":18},"end":{"line":13,"column":43}},"6":{"start":{"line":15,"column":21},"end":{"line":18,"column":5}},"7":{"start":{"line":19,"column":4},"end":{"line":19,"column":41}},"8":{"start":{"line":23,"column":21},"end":{"line":26,"column":5}},"9":{"start":{"line":27,"column":4},"end":{"line":29,"column":5}},"10":{"start":{"line":28,"column":6},"end":{"line":28,"column":50}},"11":{"start":{"line":30,"column":4},"end":{"line":30,"column":41}},"12":{"start":{"line":34,"column":21},"end":{"line":37,"column":5}},"13":{"start":{"line":38,"column":4},"end":{"line":38,"column":31}},"14":{"start":{"line":39,"column":4},"end":{"line":41,"column":5}},"15":{"start":{"line":40,"column":6},"end":{"line":40,"column":50}},"16":{"start":{"line":42,"column":4},"end":{"line":42,"column":41}},"17":{"start":{"line":46,"column":21},"end":{"line":49,"column":5}},"18":{"start":{"line":50,"column":4},"end":{"line":52,"column":5}},"19":{"start":{"line":51,"column":6},"end":{"line":51,"column":50}},"20":{"start":{"line":53,"column":4},"end":{"line":53,"column":41}},"21":{"start":{"line":57,"column":21},"end":{"line":60,"column":5}},"22":{"start":{"line":61,"column":4},"end":{"line":61,"column":41}},"23":{"start":{"line":65,"column":0},"end":{"line":65,"column":25}}},"fnMap":{"0":{"name":"(anonymous_0)","decl":{"start":{"line":6,"column":2},"end":{"line":6,"column":3}},"loc":{"start":{"line":6,"column":57},"end":{"line":10,"column":3}},"line":6},"1":{"name":"(anonymous_1)","decl":{"start":{"line":12,"column":2},"end":{"line":12,"column":3}},"loc":{"start":{"line":12,"column":34},"end":{"line":20,"column":3}},"line":12},"2":{"name":"(anonymous_2)","decl":{"start":{"line":22,"column":2},"end":{"line":22,"column":3}},"loc":{"start":{"line":22,"column":30},"end":{"line":31,"column":3}},"line":22},"3":{"name":"(anonymous_3)","decl":{"start":{"line":33,"column":2},"end":{"line":33,"column":3}},"loc":{"start":{"line":33,"column":37},"end":{"line":43,"column":3}},"line":33},"4":{"name":"(anonymous_4)","decl":{"start":{"line":45,"column":2},"end":{"line":45,"column":3}},"loc":{"start":{"line":45,"column":43},"end":{"line":54,"column":3}},"line":45},"5":{"name":"(anonymous_5)","decl":{"start":{"line":56,"column":2},"end":{"line":56,"column":3}},"loc":{"start":{"line":56,"column":18},"end":{"line":62,"column":3}},"line":56}},"branchMap":{"0":{"loc":{"start":{"line":27,"column":4},"end":{"line":29,"column":5}},"type":"if","locations":[{"start":{"line":27,"column":4},"end":{"line":29,"column":5}},{"start":{},"end":{}}],"line":27},"1":{"loc":{"start":{"line":39,"column":4},"end":{"line":41,"column":5}},"type":"if","locations":[{"start":{"line":39,"column":4},"end":{"line":41,"column":5}},{"start":{},"end":{}}],"line":39},"2":{"loc":{"start":{"line":50,"column":4},"end":{"line":52,"column":5}},"type":"if","locations":[{"start":{"line":50,"column":4},"end":{"line":52,"column":5}},{"start":{},"end":{}}],"line":50}},"s":{"0":1,"1":1,"2":0,"3":0,"4":0,"5":0,"6":0,"7":0,"8":0,"9":0,"10":0,"11":0,"12":0,"13":0,"14":0,"15":0,"16":0,"17":0,"18":0,"19":0,"20":0,"21":0,"22":0,"23":1},"f":{"0":0,"1":0,"2":0,"3":0,"4":0,"5":0},"b":{"0":[0,0],"1":[0,0],"2":[0,0]},"_coverageSchema":"1a1c01bbd47fc00a2c39e90264f33305004495a9","hash":"c4ce549e760c354b806304b8bacb063966dafc37"}
,"/Users/adamminchella/Documents/coding/kamkwamba/week_7_project/adam_backend/server/models/User.js": {"path":"/Users/adamminchella/Documents/coding/kamkwamba/week_7_project/adam_backend/server/models/User.js","statementMap":{"0":{"start":{"line":1,"column":11},"end":{"line":1,"column":41}},"1":{"start":{"line":5,"column":4},"end":{"line":5,"column":25}},"2":{"start":{"line":6,"column":4},"end":{"line":6,"column":29}},"3":{"start":{"line":7,"column":4},"end":{"line":7,"column":34}},"4":{"start":{"line":8,"column":4},"end":{"line":8,"column":31}},"5":{"start":{"line":9,"column":4},"end":{"line":9,"column":25}},"6":{"start":{"line":13,"column":21},"end":{"line":16,"column":5}},"7":{"start":{"line":17,"column":4},"end":{"line":19,"column":5}},"8":{"start":{"line":18,"column":6},"end":{"line":18,"column":51}},"9":{"start":{"line":20,"column":4},"end":{"line":20,"column":38}},"10":{"start":{"line":24,"column":21},"end":{"line":27,"column":5}},"11":{"start":{"line":28,"column":4},"end":{"line":30,"column":5}},"12":{"start":{"line":29,"column":6},"end":{"line":29,"column":51}},"13":{"start":{"line":31,"column":4},"end":{"line":31,"column":38}},"14":{"start":{"line":35,"column":21},"end":{"line":41,"column":5}},"15":{"start":{"line":42,"column":4},"end":{"line":44,"column":5}},"16":{"start":{"line":43,"column":6},"end":{"line":43,"column":59}},"17":{"start":{"line":45,"column":4},"end":{"line":45,"column":50}},"18":{"start":{"line":45,"column":36},"end":{"line":45,"column":48}},"19":{"start":{"line":49,"column":21},"end":{"line":55,"column":5}},"20":{"start":{"line":56,"column":4},"end":{"line":58,"column":5}},"21":{"start":{"line":57,"column":6},"end":{"line":57,"column":58}},"22":{"start":{"line":59,"column":4},"end":{"line":59,"column":49}},"23":{"start":{"line":59,"column":36},"end":{"line":59,"column":47}},"24":{"start":{"line":63,"column":54},"end":{"line":63,"column":58}},"25":{"start":{"line":64,"column":19},"end":{"line":67,"column":5}},"26":{"start":{"line":68,"column":18},"end":{"line":68,"column":45}},"27":{"start":{"line":69,"column":23},"end":{"line":69,"column":51}},"28":{"start":{"line":70,"column":4},"end":{"line":70,"column":22}},"29":{"start":{"line":74,"column":24},"end":{"line":77,"column":5}},"30":{"start":{"line":78,"column":26},"end":{"line":81,"column":5}},"31":{"start":{"line":82,"column":23},"end":{"line":85,"column":5}},"32":{"start":{"line":86,"column":26},"end":{"line":89,"column":5}},"33":{"start":{"line":90,"column":4},"end":{"line":90,"column":45}},"34":{"start":{"line":94,"column":4},"end":{"line":108,"column":6}},"35":{"start":{"line":95,"column":6},"end":{"line":107,"column":7}},"36":{"start":{"line":96,"column":8},"end":{"line":96,"column":29}},"37":{"start":{"line":97,"column":66},"end":{"line":97,"column":73}},"38":{"start":{"line":98,"column":21},"end":{"line":101,"column":89}},"39":{"start":{"line":102,"column":8},"end":{"line":102,"column":28}},"40":{"start":{"line":103,"column":8},"end":{"line":103,"column":32}},"41":{"start":{"line":106,"column":8},"end":{"line":106,"column":43}},"42":{"start":{"line":112,"column":0},"end":{"line":112,"column":22}}},"fnMap":{"0":{"name":"(anonymous_0)","decl":{"start":{"line":4,"column":2},"end":{"line":4,"column":3}},"loc":{"start":{"line":4,"column":74},"end":{"line":10,"column":3}},"line":4},"1":{"name":"(anonymous_1)","decl":{"start":{"line":12,"column":2},"end":{"line":12,"column":3}},"loc":{"start":{"line":12,"column":30},"end":{"line":21,"column":3}},"line":12},"2":{"name":"(anonymous_2)","decl":{"start":{"line":23,"column":2},"end":{"line":23,"column":3}},"loc":{"start":{"line":23,"column":42},"end":{"line":32,"column":3}},"line":23},"3":{"name":"(anonymous_3)","decl":{"start":{"line":34,"column":2},"end":{"line":34,"column":3}},"loc":{"start":{"line":34,"column":34},"end":{"line":46,"column":3}},"line":34},"4":{"name":"(anonymous_4)","decl":{"start":{"line":45,"column":29},"end":{"line":45,"column":30}},"loc":{"start":{"line":45,"column":36},"end":{"line":45,"column":48}},"line":45},"5":{"name":"(anonymous_5)","decl":{"start":{"line":48,"column":2},"end":{"line":48,"column":3}},"loc":{"start":{"line":48,"column":33},"end":{"line":60,"column":3}},"line":48},"6":{"name":"(anonymous_6)","decl":{"start":{"line":59,"column":29},"end":{"line":59,"column":30}},"loc":{"start":{"line":59,"column":36},"end":{"line":59,"column":47}},"line":59},"7":{"name":"(anonymous_7)","decl":{"start":{"line":62,"column":2},"end":{"line":62,"column":3}},"loc":{"start":{"line":62,"column":28},"end":{"line":71,"column":3}},"line":62},"8":{"name":"(anonymous_8)","decl":{"start":{"line":73,"column":2},"end":{"line":73,"column":3}},"loc":{"start":{"line":73,"column":18},"end":{"line":91,"column":3}},"line":73},"9":{"name":"(anonymous_9)","decl":{"start":{"line":93,"column":2},"end":{"line":93,"column":3}},"loc":{"start":{"line":93,"column":31},"end":{"line":109,"column":3}},"line":93},"10":{"name":"(anonymous_10)","decl":{"start":{"line":94,"column":24},"end":{"line":94,"column":25}},"loc":{"start":{"line":94,"column":51},"end":{"line":108,"column":5}},"line":94}},"branchMap":{"0":{"loc":{"start":{"line":17,"column":4},"end":{"line":19,"column":5}},"type":"if","locations":[{"start":{"line":17,"column":4},"end":{"line":19,"column":5}},{"start":{},"end":{}}],"line":17},"1":{"loc":{"start":{"line":28,"column":4},"end":{"line":30,"column":5}},"type":"if","locations":[{"start":{"line":28,"column":4},"end":{"line":30,"column":5}},{"start":{},"end":{}}],"line":28},"2":{"loc":{"start":{"line":42,"column":4},"end":{"line":44,"column":5}},"type":"if","locations":[{"start":{"line":42,"column":4},"end":{"line":44,"column":5}},{"start":{},"end":{}}],"line":42},"3":{"loc":{"start":{"line":56,"column":4},"end":{"line":58,"column":5}},"type":"if","locations":[{"start":{"line":56,"column":4},"end":{"line":58,"column":5}},{"start":{},"end":{}}],"line":56}},"s":{"0":1,"1":0,"2":0,"3":0,"4":0,"5":0,"6":0,"7":0,"8":0,"9":0,"10":0,"11":0,"12":0,"13":0,"14":0,"15":0,"16":0,"17":0,"18":0,"19":0,"20":0,"21":0,"22":0,"23":0,"24":0,"25":0,"26":0,"27":0,"28":0,"29":0,"30":0,"31":0,"32":0,"33":0,"34":0,"35":0,"36":0,"37":0,"38":0,"39":0,"40":0,"41":0,"42":1},"f":{"0":0,"1":0,"2":0,"3":0,"4":0,"5":0,"6":0,"7":0,"8":0,"9":0,"10":0},"b":{"0":[0,0],"1":[0,0],"2":[0,0],"3":[0,0]},"_coverageSchema":"1a1c01bbd47fc00a2c39e90264f33305004495a9","hash":"5229baf2242b97700828a39d01abc56d8739df40"}
,"/Users/adamminchella/Documents/coding/kamkwamba/week_7_project/adam_backend/server/routes/date.js": {"path":"/Users/adamminchella/Documents/coding/kamkwamba/week_7_project/adam_backend/server/routes/date.js","statementMap":{"0":{"start":{"line":1,"column":19},"end":{"line":1,"column":37}},"1":{"start":{"line":3,"column":23},"end":{"line":3,"column":56}},"2":{"start":{"line":6,"column":19},"end":{"line":6,"column":27}},"3":{"start":{"line":8,"column":0},"end":{"line":8,"column":42}},"4":{"start":{"line":9,"column":0},"end":{"line":9,"column":44}},"5":{"start":{"line":10,"column":0},"end":{"line":10,"column":44}},"6":{"start":{"line":11,"column":0},"end":{"line":11,"column":49}},"7":{"start":{"line":13,"column":0},"end":{"line":13,"column":28}}},"fnMap":{},"branchMap":{},"s":{"0":1,"1":1,"2":1,"3":1,"4":1,"5":1,"6":1,"7":1},"f":{},"b":{},"_coverageSchema":"1a1c01bbd47fc00a2c39e90264f33305004495a9","hash":"188b95cc9d6d372d1db5c94d4bf0279736cbd18c"}
,"/Users/adamminchella/Documents/coding/kamkwamba/week_7_project/adam_backend/server/routes/habit.js": {"path":"/Users/adamminchella/Documents/coding/kamkwamba/week_7_project/adam_backend/server/routes/habit.js","statementMap":{"0":{"start":{"line":1,"column":19},"end":{"line":1,"column":37}},"1":{"start":{"line":3,"column":24},"end":{"line":3,"column":58}},"2":{"start":{"line":5,"column":20},"end":{"line":5,"column":28}},"3":{"start":{"line":7,"column":0},"end":{"line":7,"column":44}},"4":{"start":{"line":8,"column":0},"end":{"line":8,"column":46}},"5":{"start":{"line":9,"column":0},"end":{"line":9,"column":46}},"6":{"start":{"line":10,"column":0},"end":{"line":10,"column":48}},"7":{"start":{"line":11,"column":0},"end":{"line":11,"column":52}},"8":{"start":{"line":13,"column":0},"end":{"line":13,"column":29}}},"fnMap":{},"branchMap":{},"s":{"0":1,"1":1,"2":1,"3":1,"4":1,"5":1,"6":1,"7":1,"8":1},"f":{},"b":{},"_coverageSchema":"1a1c01bbd47fc00a2c39e90264f33305004495a9","hash":"9f8731ce722b29b679a8b67ed6918dcd70e280f2"}
,"/Users/adamminchella/Documents/coding/kamkwamba/week_7_project/adam_backend/server/routes/user.js": {"path":"/Users/adamminchella/Documents/coding/kamkwamba/week_7_project/adam_backend/server/routes/user.js","statementMap":{"0":{"start":{"line":1,"column":19},"end":{"line":1,"column":37}},"1":{"start":{"line":2,"column":22},"end":{"line":2,"column":61}},"2":{"start":{"line":4,"column":23},"end":{"line":4,"column":56}},"3":{"start":{"line":6,"column":19},"end":{"line":6,"column":27}},"4":{"start":{"line":8,"column":0},"end":{"line":8,"column":54}},"5":{"start":{"line":9,"column":0},"end":{"line":9,"column":48}},"6":{"start":{"line":10,"column":0},"end":{"line":10,"column":59}},"7":{"start":{"line":11,"column":0},"end":{"line":11,"column":68}},"8":{"start":{"line":12,"column":0},"end":{"line":12,"column":65}},"9":{"start":{"line":13,"column":0},"end":{"line":13,"column":61}},"10":{"start":{"line":15,"column":0},"end":{"line":15,"column":28}}},"fnMap":{},"branchMap":{},"s":{"0":1,"1":1,"2":1,"3":1,"4":1,"5":1,"6":1,"7":1,"8":1,"9":1,"10":1},"f":{},"b":{},"_coverageSchema":"1a1c01bbd47fc00a2c39e90264f33305004495a9","hash":"e082aa3c302e88c03586b68c898c6e83dae8b0c5"}
,"/Users/adamminchella/Documents/coding/kamkwamba/week_7_project/adam_backend/server/tests/config.js": {"path":"/Users/adamminchella/Documents/coding/kamkwamba/week_7_project/adam_backend/server/tests/config.js","statementMap":{"0":{"start":{"line":1,"column":11},"end":{"line":1,"column":24}},"1":{"start":{"line":2,"column":17},"end":{"line":2,"column":30}},"2":{"start":{"line":4,"column":17},"end":{"line":4,"column":74}},"3":{"start":{"line":6,"column":20},"end":{"line":21,"column":1}},"4":{"start":{"line":7,"column":2},"end":{"line":20,"column":5}},"5":{"start":{"line":8,"column":4},"end":{"line":19,"column":5}},"6":{"start":{"line":9,"column":17},"end":{"line":12,"column":8}},"7":{"start":{"line":13,"column":6},"end":{"line":13,"column":31}},"8":{"start":{"line":14,"column":6},"end":{"line":14,"column":24}},"9":{"start":{"line":15,"column":6},"end":{"line":15,"column":31}},"10":{"start":{"line":17,"column":6},"end":{"line":17,"column":23}},"11":{"start":{"line":18,"column":6},"end":{"line":18,"column":66}},"12":{"start":{"line":23,"column":0},"end":{"line":23,"column":29}}},"fnMap":{"0":{"name":"(anonymous_0)","decl":{"start":{"line":6,"column":20},"end":{"line":6,"column":21}},"loc":{"start":{"line":6,"column":26},"end":{"line":21,"column":1}},"line":6},"1":{"name":"(anonymous_1)","decl":{"start":{"line":7,"column":21},"end":{"line":7,"column":22}},"loc":{"start":{"line":7,"column":48},"end":{"line":20,"column":3}},"line":7}},"branchMap":{},"s":{"0":1,"1":1,"2":1,"3":1,"4":1,"5":1,"6":1,"7":1,"8":1,"9":1,"10":0,"11":0,"12":1},"f":{"0":1,"1":1},"b":{},"_coverageSchema":"1a1c01bbd47fc00a2c39e90264f33305004495a9","hash":"61febe1c9b297f1162eab669212253beb060977e"}
}
