TN:
SF:server/server.js
FN:15,(anonymous_0)
FNF:1
FNH:1
FNDA:1,(anonymous_0)
DA:1,1
DA:2,1
DA:4,1
DA:6,1
DA:7,1
DA:8,1
DA:10,1
DA:12,1
DA:13,1
DA:15,1
DA:16,1
DA:19,1
DA:20,1
DA:21,1
DA:23,1
LF:15
LH:15
BRF:0
BRH:0
end_of_record
TN:
SF:server/controllers/date.js
FN:3,index
FN:12,create
FN:22,show
FN:32,destroy
FNF:4
FNH:0
FNDA:0,index
FNDA:0,create
FNDA:0,show
FNDA:0,destroy
DA:1,1
DA:4,0
DA:5,0
DA:6,0
DA:8,0
DA:13,0
DA:14,0
DA:15,0
DA:16,0
DA:18,0
DA:23,0
DA:24,0
DA:25,0
DA:26,0
DA:28,0
DA:33,0
DA:34,0
DA:35,0
DA:36,0
DA:37,0
DA:39,0
DA:43,1
LF:22
LH:2
BRF:0
BRH:0
end_of_record
TN:
SF:server/controllers/habit.js
FN:3,index
FN:12,create
FN:22,show
FN:32,update
FN:41,destroy
FNF:5
FNH:5
FNDA:2,index
FNDA:1,create
FNDA:2,show
FNDA:2,update
FNDA:2,destroy
DA:1,1
DA:4,2
DA:5,2
DA:6,2
DA:8,0
DA:13,1
DA:14,1
DA:15,1
DA:16,1
DA:18,0
DA:23,2
DA:24,2
DA:25,2
DA:26,1
DA:28,1
DA:33,2
DA:34,2
DA:35,2
DA:37,0
DA:42,2
DA:43,2
DA:44,2
DA:45,1
DA:46,1
DA:48,1
DA:52,1
LF:26
LH:23
BRF:0
BRH:0
end_of_record
TN:
SF:server/controllers/user.js
FN:7,show
FN:18,register
FN:40,login
FN:68,logout
FN:80,destroy
FN:90,update
FNF:6
FNH:0
FNDA:0,show
FNDA:0,register
FNDA:0,login
FNDA:0,logout
FNDA:0,destroy
FNDA:0,update
DA:1,1
DA:3,1
DA:4,1
DA:8,0
DA:9,0
DA:10,0
DA:11,0
DA:12,0
DA:14,0
DA:19,0
DA:20,0
DA:21,0
DA:24,0
DA:27,0
DA:30,0
DA:33,0
DA:35,0
DA:36,0
DA:41,0
DA:42,0
DA:45,0
DA:47,0
DA:48,0
DA:52,0
DA:53,0
DA:60,0
DA:63,0
DA:64,0
DA:69,0
DA:70,0
DA:71,0
DA:72,0
DA:73,0
DA:75,0
DA:76,0
DA:81,0
DA:82,0
DA:83,0
DA:84,0
DA:86,0
DA:91,0
DA:92,0
DA:93,0
DA:94,0
DA:95,0
DA:96,0
DA:101,0
DA:103,0
DA:104,0
DA:106,0
DA:110,1
LF:51
LH:4
BRDA:48,0,0,0
BRDA:48,0,1,0
BRDA:95,1,0,0
BRDA:95,1,1,0
BRF:4
BRH:0
end_of_record
TN:
SF:server/database/connect.js
FNF:0
FNH:0
DA:1,1
DA:3,1
DA:8,1
DA:10,1
LF:4
LH:4
BRF:0
BRH:0
end_of_record
TN:
SF:server/middleware/authentication.js
FN:3,authenticator
FNF:1
FNH:0
FNDA:0,authenticator
DA:1,1
DA:4,0
DA:5,0
DA:6,0
DA:7,0
DA:9,0
DA:10,0
DA:13,0
DA:14,0
DA:18,1
LF:10
LH:2
BRDA:6,0,0,0
BRDA:6,0,1,0
BRF:2
BRH:0
end_of_record
TN:
SF:server/models/Date.js
FN:4,(anonymous_0)
FN:11,(anonymous_1)
FN:13,(anonymous_2)
FN:16,(anonymous_3)
FN:27,(anonymous_4)
FN:39,(anonymous_5)
FNF:6
FNH:0
FNDA:0,(anonymous_0)
FNDA:0,(anonymous_1)
FNDA:0,(anonymous_2)
FNDA:0,(anonymous_3)
FNDA:0,(anonymous_4)
FNDA:0,(anonymous_5)
DA:1,1
DA:5,0
DA:6,0
DA:7,0
DA:8,0
DA:12,0
DA:13,0
DA:17,0
DA:21,0
DA:22,0
DA:24,0
DA:28,0
DA:29,0
DA:34,0
DA:35,0
DA:36,0
DA:40,0
DA:44,0
DA:49,1
LF:19
LH:2
BRDA:21,0,0,0
BRDA:21,0,1,0
BRF:2
BRH:0
end_of_record
TN:
SF:server/models/Habit.js
FN:4,(anonymous_0)
FN:12,(anonymous_1)
FN:14,(anonymous_2)
FN:17,(anonymous_3)
FN:28,(anonymous_4)
FN:40,(anonymous_5)
FN:41,(anonymous_6)
FN:55,(anonymous_7)
FNF:8
FNH:8
FNDA:8,(anonymous_0)
FNDA:2,(anonymous_1)
FNDA:4,(anonymous_2)
FNDA:5,(anonymous_3)
FNDA:1,(anonymous_4)
FNDA:2,(anonymous_5)
FNDA:2,(anonymous_6)
FNDA:1,(anonymous_7)
DA:1,1
DA:5,8
DA:6,8
DA:7,8
DA:8,8
DA:9,8
DA:13,2
DA:14,4
DA:18,5
DA:22,3
DA:23,0
DA:25,3
DA:29,1
DA:30,1
DA:35,1
DA:36,1
DA:37,1
DA:41,2
DA:42,2
DA:43,2
DA:44,2
DA:48,2
DA:50,0
DA:56,1
DA:60,1
DA:64,1
LF:26
LH:24
BRDA:22,0,0,0
BRDA:22,0,1,3
BRF:2
BRH:1
end_of_record
TN:
SF:server/models/Session.js
FN:6,(anonymous_0)
FN:12,(anonymous_1)
FN:22,(anonymous_2)
FN:33,(anonymous_3)
FN:45,(anonymous_4)
FN:56,(anonymous_5)
FNF:6
FNH:0
FNDA:0,(anonymous_0)
FNDA:0,(anonymous_1)
FNDA:0,(anonymous_2)
FNDA:0,(anonymous_3)
FNDA:0,(anonymous_4)
FNDA:0,(anonymous_5)
DA:1,1
DA:3,1
DA:7,0
DA:8,0
DA:9,0
DA:13,0
DA:15,0
DA:19,0
DA:23,0
DA:27,0
DA:28,0
DA:30,0
DA:34,0
DA:38,0
DA:39,0
DA:40,0
DA:42,0
DA:46,0
DA:50,0
DA:51,0
DA:53,0
DA:57,0
DA:61,0
DA:65,1
LF:24
LH:3
BRDA:27,0,0,0
BRDA:27,0,1,0
BRDA:39,1,0,0
BRDA:39,1,1,0
BRDA:50,2,0,0
BRDA:50,2,1,0
BRF:6
BRH:0
end_of_record
TN:
SF:server/models/User.js
FN:4,(anonymous_0)
FN:12,(anonymous_1)
FN:23,(anonymous_2)
FN:34,(anonymous_3)
FN:45,(anonymous_4)
FN:48,(anonymous_5)
FN:59,(anonymous_6)
FN:62,(anonymous_7)
FN:73,(anonymous_8)
FN:93,(anonymous_9)
FN:94,(anonymous_10)
FNF:11
FNH:0
FNDA:0,(anonymous_0)
FNDA:0,(anonymous_1)
FNDA:0,(anonymous_2)
FNDA:0,(anonymous_3)
FNDA:0,(anonymous_4)
FNDA:0,(anonymous_5)
FNDA:0,(anonymous_6)
FNDA:0,(anonymous_7)
FNDA:0,(anonymous_8)
FNDA:0,(anonymous_9)
FNDA:0,(anonymous_10)
DA:1,1
DA:5,0
DA:6,0
DA:7,0
DA:8,0
DA:9,0
DA:13,0
DA:17,0
DA:18,0
DA:20,0
DA:24,0
DA:28,0
DA:29,0
DA:31,0
DA:35,0
DA:42,0
DA:43,0
DA:45,0
DA:49,0
DA:56,0
DA:57,0
DA:59,0
DA:63,0
DA:64,0
DA:68,0
DA:69,0
DA:70,0
DA:74,0
DA:78,0
DA:82,0
DA:86,0
DA:90,0
DA:94,0
DA:95,0
DA:96,0
DA:97,0
DA:98,0
DA:102,0
DA:103,0
DA:106,0
DA:112,1
LF:41
LH:2
BRDA:17,0,0,0
BRDA:17,0,1,0
BRDA:28,1,0,0
BRDA:28,1,1,0
BRDA:42,2,0,0
BRDA:42,2,1,0
BRDA:56,3,0,0
BRDA:56,3,1,0
BRF:8
BRH:0
end_of_record
TN:
SF:server/routes/date.js
FNF:0
FNH:0
DA:1,1
DA:3,1
DA:6,1
DA:8,1
DA:9,1
DA:10,1
DA:11,1
DA:13,1
LF:8
LH:8
BRF:0
BRH:0
end_of_record
TN:
SF:server/routes/habit.js
FNF:0
FNH:0
DA:1,1
DA:3,1
DA:5,1
DA:7,1
DA:8,1
DA:9,1
DA:10,1
DA:11,1
DA:13,1
LF:9
LH:9
BRF:0
BRH:0
end_of_record
TN:
SF:server/routes/user.js
FNF:0
FNH:0
DA:1,1
DA:2,1
DA:4,1
DA:6,1
DA:8,1
DA:9,1
DA:10,1
DA:11,1
DA:12,1
DA:13,1
DA:15,1
LF:11
LH:11
BRF:0
BRH:0
end_of_record
TN:
SF:server/tests/config.js
FN:6,(anonymous_0)
FN:7,(anonymous_1)
FNF:2
FNH:2
FNDA:1,(anonymous_0)
FNDA:1,(anonymous_1)
DA:1,1
DA:2,1
DA:4,1
DA:6,1
DA:7,1
DA:8,1
DA:9,1
DA:13,1
DA:14,1
DA:15,1
DA:17,0
DA:18,0
DA:23,1
LF:13
LH:11
BRF:0
BRH:0
end_of_record
